
*** Running vivado
    with args -log lab1_tb.vds -m64 -product Vivado -mode batch -messageDb vivado.pb -notrace -source lab1_tb.tcl



****** Vivado v2024.1 (64-bit)
  **** SW Build 5076996 on Wed May 22 18:37:14 MDT 2024
  **** IP Build 5075265 on Wed May 22 21:45:21 MDT 2024
  **** SharedData Build 5076995 on Wed May 22 18:29:18 MDT 2024
  **** Start of session at: Thu Sep 26 19:15:30 2024
    ** Copyright 1986-2022 Xilinx, Inc. All Rights Reserved.
    ** Copyright 2022-2024 Advanced Micro Devices, Inc. All Rights Reserved.

source lab1_tb.tcl -notrace
create_project: Time (s): cpu = 00:00:05 ; elapsed = 00:00:05 . Memory (MB): peak = 628.973 ; gain = 198.387
Command: read_checkpoint -auto_incremental -incremental E:/robot/project/FPGA/Class/lab_1/lab_1.srcs/utils_1/imports/synth_1/lab1_tb.dcp
INFO: [Vivado 12-5825] Read reference checkpoint from E:/robot/project/FPGA/Class/lab_1/lab_1.srcs/utils_1/imports/synth_1/lab1_tb.dcp for incremental synthesis
INFO: [Vivado 12-7989] Please ensure there are no constraint changes
Command: synth_design -top lab1_tb -part xc7z010clg400-1
Starting synth_design
Attempting to get a license for feature 'Synthesis' and/or device 'xc7z010'
INFO: [Common 17-349] Got license for feature 'Synthesis' and/or device 'xc7z010'
INFO: [Device 21-403] Loading part xc7z010clg400-1
INFO: [Device 21-9227] Part: xc7z010clg400-1 does not have CEAM library.
INFO: [Designutils 20-5440] No compile time benefit to using incremental synthesis; A full resynthesis will be run
INFO: [Designutils 20-4379] Flow is switching to default flow due to incremental criteria not met. If you would like to alter this behaviour and have the flow terminate instead, please set the following parameter config_implementation {autoIncr.Synth.RejectBehavior Terminate}
INFO: [Synth 8-7079] Multithreading enabled for synth_design using a maximum of 2 processes.
INFO: [Synth 8-7078] Launching helper process for spawning children vivado processes
INFO: [Synth 8-7075] Helper process launched with PID 19216
---------------------------------------------------------------------------------
Starting RTL Elaboration : Time (s): cpu = 00:00:04 ; elapsed = 00:00:05 . Memory (MB): peak = 1490.848 ; gain = 455.137
---------------------------------------------------------------------------------
INFO: [Synth 8-6157] synthesizing module 'lab1_tb' [E:/robot/project/FPGA/Class/lab_1/lab1_tb.v:5]
WARNING: [Synth 8-6896] if statement with non-constant condition is inside initial block, initial block items will be ignored [E:/robot/project/FPGA/Class/lab_1/lab1_tb.v:34]
WARNING: [Synth 8-6896] if statement with non-constant condition is inside initial block, initial block items will be ignored [E:/robot/project/FPGA/Class/lab_1/lab1_tb.v:34]
WARNING: [Synth 8-6896] if statement with non-constant condition is inside initial block, initial block items will be ignored [E:/robot/project/FPGA/Class/lab_1/lab1_tb.v:34]
WARNING: [Synth 8-6896] if statement with non-constant condition is inside initial block, initial block items will be ignored [E:/robot/project/FPGA/Class/lab_1/lab1_tb.v:34]
WARNING: [Synth 8-6896] if statement with non-constant condition is inside initial block, initial block items will be ignored [E:/robot/project/FPGA/Class/lab_1/lab1_tb.v:34]
WARNING: [Synth 8-6896] if statement with non-constant condition is inside initial block, initial block items will be ignored [E:/robot/project/FPGA/Class/lab_1/lab1_tb.v:34]
WARNING: [Synth 8-6896] if statement with non-constant condition is inside initial block, initial block items will be ignored [E:/robot/project/FPGA/Class/lab_1/lab1_tb.v:34]
WARNING: [Synth 8-6896] if statement with non-constant condition is inside initial block, initial block items will be ignored [E:/robot/project/FPGA/Class/lab_1/lab1_tb.v:34]
WARNING: [Synth 8-6896] if statement with non-constant condition is inside initial block, initial block items will be ignored [E:/robot/project/FPGA/Class/lab_1/lab1_tb.v:34]
WARNING: [Synth 8-6896] if statement with non-constant condition is inside initial block, initial block items will be ignored [E:/robot/project/FPGA/Class/lab_1/lab1_tb.v:34]
WARNING: [Synth 8-6896] if statement with non-constant condition is inside initial block, initial block items will be ignored [E:/robot/project/FPGA/Class/lab_1/lab1_tb.v:34]
WARNING: [Synth 8-6896] if statement with non-constant condition is inside initial block, initial block items will be ignored [E:/robot/project/FPGA/Class/lab_1/lab1_tb.v:34]
WARNING: [Synth 8-6896] if statement with non-constant condition is inside initial block, initial block items will be ignored [E:/robot/project/FPGA/Class/lab_1/lab1_tb.v:34]
WARNING: [Synth 8-6896] if statement with non-constant condition is inside initial block, initial block items will be ignored [E:/robot/project/FPGA/Class/lab_1/lab1_tb.v:34]
WARNING: [Synth 8-6896] if statement with non-constant condition is inside initial block, initial block items will be ignored [E:/robot/project/FPGA/Class/lab_1/lab1_tb.v:34]
WARNING: [Synth 8-6896] if statement with non-constant condition is inside initial block, initial block items will be ignored [E:/robot/project/FPGA/Class/lab_1/lab1_tb.v:34]
WARNING: [Synth 8-6896] if statement with non-constant condition is inside initial block, initial block items will be ignored [E:/robot/project/FPGA/Class/lab_1/lab1_tb.v:34]
WARNING: [Synth 8-6896] if statement with non-constant condition is inside initial block, initial block items will be ignored [E:/robot/project/FPGA/Class/lab_1/lab1_tb.v:34]
WARNING: [Synth 8-6896] if statement with non-constant condition is inside initial block, initial block items will be ignored [E:/robot/project/FPGA/Class/lab_1/lab1_tb.v:34]
WARNING: [Synth 8-6896] if statement with non-constant condition is inside initial block, initial block items will be ignored [E:/robot/project/FPGA/Class/lab_1/lab1_tb.v:34]
WARNING: [Synth 8-6896] if statement with non-constant condition is inside initial block, initial block items will be ignored [E:/robot/project/FPGA/Class/lab_1/lab1_tb.v:34]
WARNING: [Synth 8-6896] if statement with non-constant condition is inside initial block, initial block items will be ignored [E:/robot/project/FPGA/Class/lab_1/lab1_tb.v:34]
WARNING: [Synth 8-6896] if statement with non-constant condition is inside initial block, initial block items will be ignored [E:/robot/project/FPGA/Class/lab_1/lab1_tb.v:34]
WARNING: [Synth 8-6896] if statement with non-constant condition is inside initial block, initial block items will be ignored [E:/robot/project/FPGA/Class/lab_1/lab1_tb.v:34]
WARNING: [Synth 8-6896] if statement with non-constant condition is inside initial block, initial block items will be ignored [E:/robot/project/FPGA/Class/lab_1/lab1_tb.v:34]
WARNING: [Synth 8-6896] if statement with non-constant condition is inside initial block, initial block items will be ignored [E:/robot/project/FPGA/Class/lab_1/lab1_tb.v:34]
WARNING: [Synth 8-6896] if statement with non-constant condition is inside initial block, initial block items will be ignored [E:/robot/project/FPGA/Class/lab_1/lab1_tb.v:34]
WARNING: [Synth 8-6896] if statement with non-constant condition is inside initial block, initial block items will be ignored [E:/robot/project/FPGA/Class/lab_1/lab1_tb.v:34]
WARNING: [Synth 8-6896] if statement with non-constant condition is inside initial block, initial block items will be ignored [E:/robot/project/FPGA/Class/lab_1/lab1_tb.v:34]
WARNING: [Synth 8-6896] if statement with non-constant condition is inside initial block, initial block items will be ignored [E:/robot/project/FPGA/Class/lab_1/lab1_tb.v:34]
WARNING: [Synth 8-6896] if statement with non-constant condition is inside initial block, initial block items will be ignored [E:/robot/project/FPGA/Class/lab_1/lab1_tb.v:34]
WARNING: [Synth 8-6896] if statement with non-constant condition is inside initial block, initial block items will be ignored [E:/robot/project/FPGA/Class/lab_1/lab1_tb.v:34]
WARNING: [Synth 8-6896] if statement with non-constant condition is inside initial block, initial block items will be ignored [E:/robot/project/FPGA/Class/lab_1/lab1_tb.v:34]
WARNING: [Synth 8-6896] if statement with non-constant condition is inside initial block, initial block items will be ignored [E:/robot/project/FPGA/Class/lab_1/lab1_tb.v:34]
WARNING: [Synth 8-6896] if statement with non-constant condition is inside initial block, initial block items will be ignored [E:/robot/project/FPGA/Class/lab_1/lab1_tb.v:34]
WARNING: [Synth 8-6896] if statement with non-constant condition is inside initial block, initial block items will be ignored [E:/robot/project/FPGA/Class/lab_1/lab1_tb.v:34]
WARNING: [Synth 8-6896] if statement with non-constant condition is inside initial block, initial block items will be ignored [E:/robot/project/FPGA/Class/lab_1/lab1_tb.v:34]
WARNING: [Synth 8-6896] if statement with non-constant condition is inside initial block, initial block items will be ignored [E:/robot/project/FPGA/Class/lab_1/lab1_tb.v:34]
WARNING: [Synth 8-6896] if statement with non-constant condition is inside initial block, initial block items will be ignored [E:/robot/project/FPGA/Class/lab_1/lab1_tb.v:34]
WARNING: [Synth 8-6896] if statement with non-constant condition is inside initial block, initial block items will be ignored [E:/robot/project/FPGA/Class/lab_1/lab1_tb.v:34]
WARNING: [Synth 8-6896] if statement with non-constant condition is inside initial block, initial block items will be ignored [E:/robot/project/FPGA/Class/lab_1/lab1_tb.v:34]
WARNING: [Synth 8-6896] if statement with non-constant condition is inside initial block, initial block items will be ignored [E:/robot/project/FPGA/Class/lab_1/lab1_tb.v:34]
WARNING: [Synth 8-6896] if statement with non-constant condition is inside initial block, initial block items will be ignored [E:/robot/project/FPGA/Class/lab_1/lab1_tb.v:34]
WARNING: [Synth 8-6896] if statement with non-constant condition is inside initial block, initial block items will be ignored [E:/robot/project/FPGA/Class/lab_1/lab1_tb.v:34]
WARNING: [Synth 8-6896] if statement with non-constant condition is inside initial block, initial block items will be ignored [E:/robot/project/FPGA/Class/lab_1/lab1_tb.v:34]
WARNING: [Synth 8-6896] if statement with non-constant condition is inside initial block, initial block items will be ignored [E:/robot/project/FPGA/Class/lab_1/lab1_tb.v:34]
WARNING: [Synth 8-6896] if statement with non-constant condition is inside initial block, initial block items will be ignored [E:/robot/project/FPGA/Class/lab_1/lab1_tb.v:34]
WARNING: [Synth 8-6896] if statement with non-constant condition is inside initial block, initial block items will be ignored [E:/robot/project/FPGA/Class/lab_1/lab1_tb.v:34]
WARNING: [Synth 8-6896] if statement with non-constant condition is inside initial block, initial block items will be ignored [E:/robot/project/FPGA/Class/lab_1/lab1_tb.v:34]
WARNING: [Synth 8-6896] if statement with non-constant condition is inside initial block, initial block items will be ignored [E:/robot/project/FPGA/Class/lab_1/lab1_tb.v:34]
WARNING: [Synth 8-6896] if statement with non-constant condition is inside initial block, initial block items will be ignored [E:/robot/project/FPGA/Class/lab_1/lab1_tb.v:34]
WARNING: [Synth 8-6896] if statement with non-constant condition is inside initial block, initial block items will be ignored [E:/robot/project/FPGA/Class/lab_1/lab1_tb.v:34]
WARNING: [Synth 8-6896] if statement with non-constant condition is inside initial block, initial block items will be ignored [E:/robot/project/FPGA/Class/lab_1/lab1_tb.v:34]
WARNING: [Synth 8-6896] if statement with non-constant condition is inside initial block, initial block items will be ignored [E:/robot/project/FPGA/Class/lab_1/lab1_tb.v:34]
WARNING: [Synth 8-6896] if statement with non-constant condition is inside initial block, initial block items will be ignored [E:/robot/project/FPGA/Class/lab_1/lab1_tb.v:34]
WARNING: [Synth 8-6896] if statement with non-constant condition is inside initial block, initial block items will be ignored [E:/robot/project/FPGA/Class/lab_1/lab1_tb.v:34]
WARNING: [Synth 8-6896] if statement with non-constant condition is inside initial block, initial block items will be ignored [E:/robot/project/FPGA/Class/lab_1/lab1_tb.v:34]
WARNING: [Synth 8-6896] if statement with non-constant condition is inside initial block, initial block items will be ignored [E:/robot/project/FPGA/Class/lab_1/lab1_tb.v:34]
WARNING: [Synth 8-6896] if statement with non-constant condition is inside initial block, initial block items will be ignored [E:/robot/project/FPGA/Class/lab_1/lab1_tb.v:34]
WARNING: [Synth 8-6896] if statement with non-constant condition is inside initial block, initial block items will be ignored [E:/robot/project/FPGA/Class/lab_1/lab1_tb.v:34]
WARNING: [Synth 8-6896] if statement with non-constant condition is inside initial block, initial block items will be ignored [E:/robot/project/FPGA/Class/lab_1/lab1_tb.v:34]
WARNING: [Synth 8-6896] if statement with non-constant condition is inside initial block, initial block items will be ignored [E:/robot/project/FPGA/Class/lab_1/lab1_tb.v:34]
WARNING: [Synth 8-6896] if statement with non-constant condition is inside initial block, initial block items will be ignored [E:/robot/project/FPGA/Class/lab_1/lab1_tb.v:34]
WARNING: [Synth 8-6896] if statement with non-constant condition is inside initial block, initial block items will be ignored [E:/robot/project/FPGA/Class/lab_1/lab1_tb.v:34]
WARNING: [Synth 8-6896] if statement with non-constant condition is inside initial block, initial block items will be ignored [E:/robot/project/FPGA/Class/lab_1/lab1_tb.v:34]
WARNING: [Synth 8-6896] if statement with non-constant condition is inside initial block, initial block items will be ignored [E:/robot/project/FPGA/Class/lab_1/lab1_tb.v:34]
WARNING: [Synth 8-6896] if statement with non-constant condition is inside initial block, initial block items will be ignored [E:/robot/project/FPGA/Class/lab_1/lab1_tb.v:34]
WARNING: [Synth 8-6896] if statement with non-constant condition is inside initial block, initial block items will be ignored [E:/robot/project/FPGA/Class/lab_1/lab1_tb.v:34]
WARNING: [Synth 8-6896] if statement with non-constant condition is inside initial block, initial block items will be ignored [E:/robot/project/FPGA/Class/lab_1/lab1_tb.v:34]
WARNING: [Synth 8-6896] if statement with non-constant condition is inside initial block, initial block items will be ignored [E:/robot/project/FPGA/Class/lab_1/lab1_tb.v:34]
WARNING: [Synth 8-6896] if statement with non-constant condition is inside initial block, initial block items will be ignored [E:/robot/project/FPGA/Class/lab_1/lab1_tb.v:34]
WARNING: [Synth 8-6896] if statement with non-constant condition is inside initial block, initial block items will be ignored [E:/robot/project/FPGA/Class/lab_1/lab1_tb.v:34]
WARNING: [Synth 8-6896] if statement with non-constant condition is inside initial block, initial block items will be ignored [E:/robot/project/FPGA/Class/lab_1/lab1_tb.v:34]
WARNING: [Synth 8-6896] if statement with non-constant condition is inside initial block, initial block items will be ignored [E:/robot/project/FPGA/Class/lab_1/lab1_tb.v:34]
WARNING: [Synth 8-6896] if statement with non-constant condition is inside initial block, initial block items will be ignored [E:/robot/project/FPGA/Class/lab_1/lab1_tb.v:34]
WARNING: [Synth 8-6896] if statement with non-constant condition is inside initial block, initial block items will be ignored [E:/robot/project/FPGA/Class/lab_1/lab1_tb.v:34]
WARNING: [Synth 8-6896] if statement with non-constant condition is inside initial block, initial block items will be ignored [E:/robot/project/FPGA/Class/lab_1/lab1_tb.v:34]
WARNING: [Synth 8-6896] if statement with non-constant condition is inside initial block, initial block items will be ignored [E:/robot/project/FPGA/Class/lab_1/lab1_tb.v:34]
WARNING: [Synth 8-6896] if statement with non-constant condition is inside initial block, initial block items will be ignored [E:/robot/project/FPGA/Class/lab_1/lab1_tb.v:34]
WARNING: [Synth 8-6896] if statement with non-constant condition is inside initial block, initial block items will be ignored [E:/robot/project/FPGA/Class/lab_1/lab1_tb.v:34]
WARNING: [Synth 8-6896] if statement with non-constant condition is inside initial block, initial block items will be ignored [E:/robot/project/FPGA/Class/lab_1/lab1_tb.v:34]
WARNING: [Synth 8-6896] if statement with non-constant condition is inside initial block, initial block items will be ignored [E:/robot/project/FPGA/Class/lab_1/lab1_tb.v:34]
WARNING: [Synth 8-6896] if statement with non-constant condition is inside initial block, initial block items will be ignored [E:/robot/project/FPGA/Class/lab_1/lab1_tb.v:34]
WARNING: [Synth 8-6896] if statement with non-constant condition is inside initial block, initial block items will be ignored [E:/robot/project/FPGA/Class/lab_1/lab1_tb.v:34]
WARNING: [Synth 8-6896] if statement with non-constant condition is inside initial block, initial block items will be ignored [E:/robot/project/FPGA/Class/lab_1/lab1_tb.v:34]
WARNING: [Synth 8-6896] if statement with non-constant condition is inside initial block, initial block items will be ignored [E:/robot/project/FPGA/Class/lab_1/lab1_tb.v:34]
WARNING: [Synth 8-6896] if statement with non-constant condition is inside initial block, initial block items will be ignored [E:/robot/project/FPGA/Class/lab_1/lab1_tb.v:34]
WARNING: [Synth 8-6896] if statement with non-constant condition is inside initial block, initial block items will be ignored [E:/robot/project/FPGA/Class/lab_1/lab1_tb.v:34]
WARNING: [Synth 8-6896] if statement with non-constant condition is inside initial block, initial block items will be ignored [E:/robot/project/FPGA/Class/lab_1/lab1_tb.v:34]
WARNING: [Synth 8-6896] if statement with non-constant condition is inside initial block, initial block items will be ignored [E:/robot/project/FPGA/Class/lab_1/lab1_tb.v:34]
WARNING: [Synth 8-6896] if statement with non-constant condition is inside initial block, initial block items will be ignored [E:/robot/project/FPGA/Class/lab_1/lab1_tb.v:34]
WARNING: [Synth 8-6896] if statement with non-constant condition is inside initial block, initial block items will be ignored [E:/robot/project/FPGA/Class/lab_1/lab1_tb.v:34]
WARNING: [Synth 8-6896] if statement with non-constant condition is inside initial block, initial block items will be ignored [E:/robot/project/FPGA/Class/lab_1/lab1_tb.v:34]
WARNING: [Synth 8-6896] if statement with non-constant condition is inside initial block, initial block items will be ignored [E:/robot/project/FPGA/Class/lab_1/lab1_tb.v:34]
WARNING: [Synth 8-6896] if statement with non-constant condition is inside initial block, initial block items will be ignored [E:/robot/project/FPGA/Class/lab_1/lab1_tb.v:34]
WARNING: [Synth 8-6896] if statement with non-constant condition is inside initial block, initial block items will be ignored [E:/robot/project/FPGA/Class/lab_1/lab1_tb.v:34]
WARNING: [Synth 8-6896] if statement with non-constant condition is inside initial block, initial block items will be ignored [E:/robot/project/FPGA/Class/lab_1/lab1_tb.v:34]
WARNING: [Synth 8-6896] if statement with non-constant condition is inside initial block, initial block items will be ignored [E:/robot/project/FPGA/Class/lab_1/lab1_tb.v:34]
WARNING: [Synth 8-6896] if statement with non-constant condition is inside initial block, initial block items will be ignored [E:/robot/project/FPGA/Class/lab_1/lab1_tb.v:34]
WARNING: [Synth 8-6896] if statement with non-constant condition is inside initial block, initial block items will be ignored [E:/robot/project/FPGA/Class/lab_1/lab1_tb.v:34]
INFO: [Common 17-14] Message 'Synth 8-6896' appears 100 times and further instances of the messages will be disabled. Use the Tcl command set_msg_config to change the current settings.
INFO: [Synth 8-6157] synthesizing module 'lab1' [E:/robot/project/FPGA/Class/lab_1/lab1.v:7]
INFO: [Synth 8-6155] done synthesizing module 'lab1' (0#1) [E:/robot/project/FPGA/Class/lab_1/lab1.v:7]
INFO: [Synth 8-6155] done synthesizing module 'lab1_tb' (0#1) [E:/robot/project/FPGA/Class/lab_1/lab1_tb.v:5]
---------------------------------------------------------------------------------
Finished RTL Elaboration : Time (s): cpu = 00:00:05 ; elapsed = 00:00:06 . Memory (MB): peak = 1599.863 ; gain = 564.152
---------------------------------------------------------------------------------
---------------------------------------------------------------------------------
Start Handling Custom Attributes
---------------------------------------------------------------------------------
---------------------------------------------------------------------------------
Finished Handling Custom Attributes : Time (s): cpu = 00:00:06 ; elapsed = 00:00:07 . Memory (MB): peak = 1599.863 ; gain = 564.152
---------------------------------------------------------------------------------
---------------------------------------------------------------------------------
Finished RTL Optimization Phase 1 : Time (s): cpu = 00:00:06 ; elapsed = 00:00:07 . Memory (MB): peak = 1599.863 ; gain = 564.152
---------------------------------------------------------------------------------
Netlist sorting complete. Time (s): cpu = 00:00:00 ; elapsed = 00:00:00 . Memory (MB): peak = 1599.863 ; gain = 0.000
INFO: [Project 1-570] Preparing netlist for logic optimization

Processing XDC Constraints
Initializing timing engine
Parsing XDC File [E:/robot/project/FPGA/Class/lab_1/lab1.xdc]
WARNING: [Vivado 12-584] No ports matched 'swt[0]'. [E:/robot/project/FPGA/Class/lab_1/lab1.xdc:5]
CRITICAL WARNING: [Common 17-55] 'set_property' expects at least one object. [E:/robot/project/FPGA/Class/lab_1/lab1.xdc:5]
Resolution: If [get_<value>] was used to populate the object, check to make sure this command returns at least one valid object.
WARNING: [Vivado 12-584] No ports matched 'swt[0]'. [E:/robot/project/FPGA/Class/lab_1/lab1.xdc:6]
CRITICAL WARNING: [Common 17-55] 'set_property' expects at least one object. [E:/robot/project/FPGA/Class/lab_1/lab1.xdc:6]
Resolution: If [get_<value>] was used to populate the object, check to make sure this command returns at least one valid object.
WARNING: [Vivado 12-584] No ports matched 'swt[1]'. [E:/robot/project/FPGA/Class/lab_1/lab1.xdc:7]
CRITICAL WARNING: [Common 17-55] 'set_property' expects at least one object. [E:/robot/project/FPGA/Class/lab_1/lab1.xdc:7]
Resolution: If [get_<value>] was used to populate the object, check to make sure this command returns at least one valid object.
WARNING: [Vivado 12-584] No ports matched 'swt[1]'. [E:/robot/project/FPGA/Class/lab_1/lab1.xdc:8]
CRITICAL WARNING: [Common 17-55] 'set_property' expects at least one object. [E:/robot/project/FPGA/Class/lab_1/lab1.xdc:8]
Resolution: If [get_<value>] was used to populate the object, check to make sure this command returns at least one valid object.
WARNING: [Vivado 12-584] No ports matched 'swt[2]'. [E:/robot/project/FPGA/Class/lab_1/lab1.xdc:9]
CRITICAL WARNING: [Common 17-55] 'set_property' expects at least one object. [E:/robot/project/FPGA/Class/lab_1/lab1.xdc:9]
Resolution: If [get_<value>] was used to populate the object, check to make sure this command returns at least one valid object.
WARNING: [Vivado 12-584] No ports matched 'swt[2]'. [E:/robot/project/FPGA/Class/lab_1/lab1.xdc:10]
CRITICAL WARNING: [Common 17-55] 'set_property' expects at least one object. [E:/robot/project/FPGA/Class/lab_1/lab1.xdc:10]
Resolution: If [get_<value>] was used to populate the object, check to make sure this command returns at least one valid object.
WARNING: [Vivado 12-584] No ports matched 'swt[3]'. [E:/robot/project/FPGA/Class/lab_1/lab1.xdc:11]
CRITICAL WARNING: [Common 17-55] 'set_property' expects at least one object. [E:/robot/project/FPGA/Class/lab_1/lab1.xdc:11]
Resolution: If [get_<value>] was used to populate the object, check to make sure this command returns at least one valid object.
WARNING: [Vivado 12-584] No ports matched 'swt[3]'. [E:/robot/project/FPGA/Class/lab_1/lab1.xdc:12]
CRITICAL WARNING: [Common 17-55] 'set_property' expects at least one object. [E:/robot/project/FPGA/Class/lab_1/lab1.xdc:12]
Resolution: If [get_<value>] was used to populate the object, check to make sure this command returns at least one valid object.
WARNING: [Vivado 12-584] No ports matched 'swt[4]'. [E:/robot/project/FPGA/Class/lab_1/lab1.xdc:13]
CRITICAL WARNING: [Common 17-55] 'set_property' expects at least one object. [E:/robot/project/FPGA/Class/lab_1/lab1.xdc:13]
Resolution: If [get_<value>] was used to populate the object, check to make sure this command returns at least one valid object.
WARNING: [Vivado 12-584] No ports matched 'swt[4]'. [E:/robot/project/FPGA/Class/lab_1/lab1.xdc:14]
CRITICAL WARNING: [Common 17-55] 'set_property' expects at least one object. [E:/robot/project/FPGA/Class/lab_1/lab1.xdc:14]
Resolution: If [get_<value>] was used to populate the object, check to make sure this command returns at least one valid object.
WARNING: [Vivado 12-584] No ports matched 'swt[5]'. [E:/robot/project/FPGA/Class/lab_1/lab1.xdc:15]
CRITICAL WARNING: [Common 17-55] 'set_property' expects at least one object. [E:/robot/project/FPGA/Class/lab_1/lab1.xdc:15]
Resolution: If [get_<value>] was used to populate the object, check to make sure this command returns at least one valid object.
WARNING: [Vivado 12-584] No ports matched 'swt[5]'. [E:/robot/project/FPGA/Class/lab_1/lab1.xdc:16]
CRITICAL WARNING: [Common 17-55] 'set_property' expects at least one object. [E:/robot/project/FPGA/Class/lab_1/lab1.xdc:16]
Resolution: If [get_<value>] was used to populate the object, check to make sure this command returns at least one valid object.
WARNING: [Vivado 12-584] No ports matched 'swt[6]'. [E:/robot/project/FPGA/Class/lab_1/lab1.xdc:17]
CRITICAL WARNING: [Common 17-55] 'set_property' expects at least one object. [E:/robot/project/FPGA/Class/lab_1/lab1.xdc:17]
Resolution: If [get_<value>] was used to populate the object, check to make sure this command returns at least one valid object.
WARNING: [Vivado 12-584] No ports matched 'swt[6]'. [E:/robot/project/FPGA/Class/lab_1/lab1.xdc:18]
CRITICAL WARNING: [Common 17-55] 'set_property' expects at least one object. [E:/robot/project/FPGA/Class/lab_1/lab1.xdc:18]
Resolution: If [get_<value>] was used to populate the object, check to make sure this command returns at least one valid object.
WARNING: [Vivado 12-584] No ports matched 'swt[7]'. [E:/robot/project/FPGA/Class/lab_1/lab1.xdc:19]
CRITICAL WARNING: [Common 17-55] 'set_property' expects at least one object. [E:/robot/project/FPGA/Class/lab_1/lab1.xdc:19]
Resolution: If [get_<value>] was used to populate the object, check to make sure this command returns at least one valid object.
WARNING: [Vivado 12-584] No ports matched 'swt[7]'. [E:/robot/project/FPGA/Class/lab_1/lab1.xdc:20]
CRITICAL WARNING: [Common 17-55] 'set_property' expects at least one object. [E:/robot/project/FPGA/Class/lab_1/lab1.xdc:20]
Resolution: If [get_<value>] was used to populate the object, check to make sure this command returns at least one valid object.
WARNING: [Vivado 12-584] No ports matched 'led[0]'. [E:/robot/project/FPGA/Class/lab_1/lab1.xdc:25]
CRITICAL WARNING: [Common 17-55] 'set_property' expects at least one object. [E:/robot/project/FPGA/Class/lab_1/lab1.xdc:25]
Resolution: If [get_<value>] was used to populate the object, check to make sure this command returns at least one valid object.
WARNING: [Vivado 12-584] No ports matched 'led[0]'. [E:/robot/project/FPGA/Class/lab_1/lab1.xdc:26]
CRITICAL WARNING: [Common 17-55] 'set_property' expects at least one object. [E:/robot/project/FPGA/Class/lab_1/lab1.xdc:26]
Resolution: If [get_<value>] was used to populate the object, check to make sure this command returns at least one valid object.
WARNING: [Vivado 12-584] No ports matched 'led[1]'. [E:/robot/project/FPGA/Class/lab_1/lab1.xdc:27]
CRITICAL WARNING: [Common 17-55] 'set_property' expects at least one object. [E:/robot/project/FPGA/Class/lab_1/lab1.xdc:27]
Resolution: If [get_<value>] was used to populate the object, check to make sure this command returns at least one valid object.
WARNING: [Vivado 12-584] No ports matched 'led[1]'. [E:/robot/project/FPGA/Class/lab_1/lab1.xdc:28]
CRITICAL WARNING: [Common 17-55] 'set_property' expects at least one object. [E:/robot/project/FPGA/Class/lab_1/lab1.xdc:28]
Resolution: If [get_<value>] was used to populate the object, check to make sure this command returns at least one valid object.
WARNING: [Vivado 12-584] No ports matched 'led[2]'. [E:/robot/project/FPGA/Class/lab_1/lab1.xdc:29]
CRITICAL WARNING: [Common 17-55] 'set_property' expects at least one object. [E:/robot/project/FPGA/Class/lab_1/lab1.xdc:29]
Resolution: If [get_<value>] was used to populate the object, check to make sure this command returns at least one valid object.
WARNING: [Vivado 12-584] No ports matched 'led[2]'. [E:/robot/project/FPGA/Class/lab_1/lab1.xdc:30]
CRITICAL WARNING: [Common 17-55] 'set_property' expects at least one object. [E:/robot/project/FPGA/Class/lab_1/lab1.xdc:30]
Resolution: If [get_<value>] was used to populate the object, check to make sure this command returns at least one valid object.
WARNING: [Vivado 12-584] No ports matched 'led[3]'. [E:/robot/project/FPGA/Class/lab_1/lab1.xdc:31]
CRITICAL WARNING: [Common 17-55] 'set_property' expects at least one object. [E:/robot/project/FPGA/Class/lab_1/lab1.xdc:31]
Resolution: If [get_<value>] was used to populate the object, check to make sure this command returns at least one valid object.
WARNING: [Vivado 12-584] No ports matched 'led[3]'. [E:/robot/project/FPGA/Class/lab_1/lab1.xdc:32]
CRITICAL WARNING: [Common 17-55] 'set_property' expects at least one object. [E:/robot/project/FPGA/Class/lab_1/lab1.xdc:32]
Resolution: If [get_<value>] was used to populate the object, check to make sure this command returns at least one valid object.
WARNING: [Vivado 12-584] No ports matched 'led[4]'. [E:/robot/project/FPGA/Class/lab_1/lab1.xdc:33]
CRITICAL WARNING: [Common 17-55] 'set_property' expects at least one object. [E:/robot/project/FPGA/Class/lab_1/lab1.xdc:33]
Resolution: If [get_<value>] was used to populate the object, check to make sure this command returns at least one valid object.
WARNING: [Vivado 12-584] No ports matched 'led[4]'. [E:/robot/project/FPGA/Class/lab_1/lab1.xdc:34]
CRITICAL WARNING: [Common 17-55] 'set_property' expects at least one object. [E:/robot/project/FPGA/Class/lab_1/lab1.xdc:34]
Resolution: If [get_<value>] was used to populate the object, check to make sure this command returns at least one valid object.
WARNING: [Vivado 12-584] No ports matched 'led[5]'. [E:/robot/project/FPGA/Class/lab_1/lab1.xdc:35]
CRITICAL WARNING: [Common 17-55] 'set_property' expects at least one object. [E:/robot/project/FPGA/Class/lab_1/lab1.xdc:35]
Resolution: If [get_<value>] was used to populate the object, check to make sure this command returns at least one valid object.
WARNING: [Vivado 12-584] No ports matched 'led[5]'. [E:/robot/project/FPGA/Class/lab_1/lab1.xdc:36]
CRITICAL WARNING: [Common 17-55] 'set_property' expects at least one object. [E:/robot/project/FPGA/Class/lab_1/lab1.xdc:36]
Resolution: If [get_<value>] was used to populate the object, check to make sure this command returns at least one valid object.
WARNING: [Vivado 12-584] No ports matched 'led[6]'. [E:/robot/project/FPGA/Class/lab_1/lab1.xdc:37]
CRITICAL WARNING: [Common 17-55] 'set_property' expects at least one object. [E:/robot/project/FPGA/Class/lab_1/lab1.xdc:37]
Resolution: If [get_<value>] was used to populate the object, check to make sure this command returns at least one valid object.
WARNING: [Vivado 12-584] No ports matched 'led[6]'. [E:/robot/project/FPGA/Class/lab_1/lab1.xdc:38]
CRITICAL WARNING: [Common 17-55] 'set_property' expects at least one object. [E:/robot/project/FPGA/Class/lab_1/lab1.xdc:38]
Resolution: If [get_<value>] was used to populate the object, check to make sure this command returns at least one valid object.
WARNING: [Vivado 12-584] No ports matched 'led[7]'. [E:/robot/project/FPGA/Class/lab_1/lab1.xdc:39]
CRITICAL WARNING: [Common 17-55] 'set_property' expects at least one object. [E:/robot/project/FPGA/Class/lab_1/lab1.xdc:39]
Resolution: If [get_<value>] was used to populate the object, check to make sure this command returns at least one valid object.
WARNING: [Vivado 12-584] No ports matched 'led[7]'. [E:/robot/project/FPGA/Class/lab_1/lab1.xdc:40]
CRITICAL WARNING: [Common 17-55] 'set_property' expects at least one object. [E:/robot/project/FPGA/Class/lab_1/lab1.xdc:40]
Resolution: If [get_<value>] was used to populate the object, check to make sure this command returns at least one valid object.
Finished Parsing XDC File [E:/robot/project/FPGA/Class/lab_1/lab1.xdc]
Completed Processing XDC Constraints

Netlist sorting complete. Time (s): cpu = 00:00:00 ; elapsed = 00:00:00 . Memory (MB): peak = 1623.758 ; gain = 0.000
INFO: [Project 1-111] Unisim Transformation Summary:
No Unisim elements were transformed.

Constraint Validation Runtime : Time (s): cpu = 00:00:00 ; elapsed = 00:00:00.003 . Memory (MB): peak = 1623.758 ; gain = 0.000
INFO: [Designutils 20-5440] No compile time benefit to using incremental synthesis; A full resynthesis will be run
INFO: [Designutils 20-4379] Flow is switching to default flow due to incremental criteria not met. If you would like to alter this behaviour and have the flow terminate instead, please set the following parameter config_implementation {autoIncr.Synth.RejectBehavior Terminate}
---------------------------------------------------------------------------------
Finished Constraint Validation : Time (s): cpu = 00:00:11 ; elapsed = 00:00:13 . Memory (MB): peak = 1623.758 ; gain = 588.047
---------------------------------------------------------------------------------
---------------------------------------------------------------------------------
Start Loading Part and Timing Information
---------------------------------------------------------------------------------
Loading part: xc7z010clg400-1
---------------------------------------------------------------------------------
Finished Loading Part and Timing Information : Time (s): cpu = 00:00:11 ; elapsed = 00:00:13 . Memory (MB): peak = 1623.758 ; gain = 588.047
---------------------------------------------------------------------------------
---------------------------------------------------------------------------------
Start Applying 'set_property' XDC Constraints
---------------------------------------------------------------------------------
---------------------------------------------------------------------------------
Finished applying 'set_property' XDC Constraints : Time (s): cpu = 00:00:11 ; elapsed = 00:00:13 . Memory (MB): peak = 1623.758 ; gain = 588.047
---------------------------------------------------------------------------------
---------------------------------------------------------------------------------
Finished RTL Optimization Phase 2 : Time (s): cpu = 00:00:11 ; elapsed = 00:00:13 . Memory (MB): peak = 1623.758 ; gain = 588.047
---------------------------------------------------------------------------------
---------------------------------------------------------------------------------
Start RTL Component Statistics 
---------------------------------------------------------------------------------
Detailed RTL Component Info : 
---------------------------------------------------------------------------------
Finished RTL Component Statistics 
---------------------------------------------------------------------------------
---------------------------------------------------------------------------------
Start Part Resource Summary
---------------------------------------------------------------------------------
Part Resources:
DSPs: 80 (col length:40)
BRAMs: 120 (col length: RAMB18 40 RAMB36 20)
---------------------------------------------------------------------------------
Finished Part Resource Summary
---------------------------------------------------------------------------------
---------------------------------------------------------------------------------
Start Cross Boundary and Area Optimization
---------------------------------------------------------------------------------
WARNING: [Synth 8-7080] Parallel synthesis criteria is not met
---------------------------------------------------------------------------------
Finished Cross Boundary and Area Optimization : Time (s): cpu = 00:00:13 ; elapsed = 00:00:15 . Memory (MB): peak = 1623.758 ; gain = 588.047
---------------------------------------------------------------------------------
---------------------------------------------------------------------------------
Start Applying XDC Timing Constraints
---------------------------------------------------------------------------------
---------------------------------------------------------------------------------
Finished Applying XDC Timing Constraints : Time (s): cpu = 00:00:17 ; elapsed = 00:00:20 . Memory (MB): peak = 1623.758 ; gain = 588.047
---------------------------------------------------------------------------------
---------------------------------------------------------------------------------
Start Timing Optimization
---------------------------------------------------------------------------------
---------------------------------------------------------------------------------
Finished Timing Optimization : Time (s): cpu = 00:00:17 ; elapsed = 00:00:20 . Memory (MB): peak = 1623.758 ; gain = 588.047
---------------------------------------------------------------------------------
---------------------------------------------------------------------------------
Start Technology Mapping
---------------------------------------------------------------------------------
---------------------------------------------------------------------------------
Finished Technology Mapping : Time (s): cpu = 00:00:17 ; elapsed = 00:00:20 . Memory (MB): peak = 1623.758 ; gain = 588.047
---------------------------------------------------------------------------------
---------------------------------------------------------------------------------
Start IO Insertion
---------------------------------------------------------------------------------
---------------------------------------------------------------------------------
Start Flattening Before IO Insertion
---------------------------------------------------------------------------------
---------------------------------------------------------------------------------
Finished Flattening Before IO Insertion
---------------------------------------------------------------------------------
---------------------------------------------------------------------------------
Start Final Netlist Cleanup
---------------------------------------------------------------------------------
---------------------------------------------------------------------------------
Finished Final Netlist Cleanup
---------------------------------------------------------------------------------
---------------------------------------------------------------------------------
Finished IO Insertion : Time (s): cpu = 00:00:21 ; elapsed = 00:00:24 . Memory (MB): peak = 1623.758 ; gain = 588.047
---------------------------------------------------------------------------------
---------------------------------------------------------------------------------
Start Renaming Generated Instances
---------------------------------------------------------------------------------
---------------------------------------------------------------------------------
Finished Renaming Generated Instances : Time (s): cpu = 00:00:21 ; elapsed = 00:00:24 . Memory (MB): peak = 1623.758 ; gain = 588.047
---------------------------------------------------------------------------------
---------------------------------------------------------------------------------
Start Rebuilding User Hierarchy
---------------------------------------------------------------------------------
---------------------------------------------------------------------------------
Finished Rebuilding User Hierarchy : Time (s): cpu = 00:00:21 ; elapsed = 00:00:24 . Memory (MB): peak = 1623.758 ; gain = 588.047
---------------------------------------------------------------------------------
---------------------------------------------------------------------------------
Start Renaming Generated Ports
---------------------------------------------------------------------------------
---------------------------------------------------------------------------------
Finished Renaming Generated Ports : Time (s): cpu = 00:00:21 ; elapsed = 00:00:24 . Memory (MB): peak = 1623.758 ; gain = 588.047
---------------------------------------------------------------------------------
---------------------------------------------------------------------------------
Start Handling Custom Attributes
---------------------------------------------------------------------------------
---------------------------------------------------------------------------------
Finished Handling Custom Attributes : Time (s): cpu = 00:00:21 ; elapsed = 00:00:24 . Memory (MB): peak = 1623.758 ; gain = 588.047
---------------------------------------------------------------------------------
---------------------------------------------------------------------------------
Start Renaming Generated Nets
---------------------------------------------------------------------------------
---------------------------------------------------------------------------------
Finished Renaming Generated Nets : Time (s): cpu = 00:00:21 ; elapsed = 00:00:24 . Memory (MB): peak = 1623.758 ; gain = 588.047
---------------------------------------------------------------------------------
---------------------------------------------------------------------------------
Start Writing Synthesis Report
---------------------------------------------------------------------------------

Report BlackBoxes: 
+-+--------------+----------+
| |BlackBox name |Instances |
+-+--------------+----------+
+-+--------------+----------+

Report Cell Usage: 
+-+-----+------+
| |Cell |Count |
+-+-----+------+
+-+-----+------+
---------------------------------------------------------------------------------
Finished Writing Synthesis Report : Time (s): cpu = 00:00:21 ; elapsed = 00:00:24 . Memory (MB): peak = 1623.758 ; gain = 588.047
---------------------------------------------------------------------------------
Synthesis finished with 0 errors, 0 critical warnings and 1 warnings.
Synthesis Optimization Runtime : Time (s): cpu = 00:00:14 ; elapsed = 00:00:23 . Memory (MB): peak = 1623.758 ; gain = 564.152
Synthesis Optimization Complete : Time (s): cpu = 00:00:21 ; elapsed = 00:00:24 . Memory (MB): peak = 1623.758 ; gain = 588.047
INFO: [Project 1-571] Translating synthesized netlist
Netlist sorting complete. Time (s): cpu = 00:00:00 ; elapsed = 00:00:00 . Memory (MB): peak = 1623.758 ; gain = 0.000
INFO: [Project 1-570] Preparing netlist for logic optimization
INFO: [Opt 31-138] Pushed 0 inverter(s) to 0 load pin(s).
Netlist sorting complete. Time (s): cpu = 00:00:00 ; elapsed = 00:00:00 . Memory (MB): peak = 1623.758 ; gain = 0.000
INFO: [Project 1-111] Unisim Transformation Summary:
No Unisim elements were transformed.

Synth Design complete | Checksum: 9242d238
INFO: [Common 17-83] Releasing license: Synthesis
24 Infos, 133 Warnings, 32 Critical Warnings and 0 Errors encountered.
synth_design completed successfully
synth_design: Time (s): cpu = 00:00:25 ; elapsed = 00:00:30 . Memory (MB): peak = 1623.758 ; gain = 990.336
INFO: [runtcl-6] Synthesis results are not added to the cache due to CRITICAL_WARNING
INFO: [Common 17-1381] The checkpoint 'E:/robot/project/FPGA/Class/lab_1/lab_1.runs/synth_1/lab1_tb.dcp' has been generated.
INFO: [Vivado 12-24828] Executing command : report_utilization -file lab1_tb_utilization_synth.rpt -pb lab1_tb_utilization_synth.pb
INFO: [Common 17-206] Exiting Vivado at Thu Sep 26 19:16:08 2024...
