
*** Running vivado
    with args -log lab1_tb.vdi -applog -m64 -product Vivado -messageDb vivado.pb -mode batch -source lab1_tb.tcl -notrace



****** Vivado v2024.1 (64-bit)
  **** SW Build 5076996 on Wed May 22 18:37:14 MDT 2024
  **** IP Build 5075265 on Wed May 22 21:45:21 MDT 2024
  **** SharedData Build 5076995 on Wed May 22 18:29:18 MDT 2024
  **** Start of session at: Thu Sep 26 19:44:31 2024
    ** Copyright 1986-2022 Xilinx, Inc. All Rights Reserved.
    ** Copyright 2022-2024 Advanced Micro Devices, Inc. All Rights Reserved.

source lab1_tb.tcl -notrace
create_project: Time (s): cpu = 00:00:05 ; elapsed = 00:00:05 . Memory (MB): peak = 628.109 ; gain = 197.973
Command: link_design -top lab1_tb -part xc7z010clg400-1
Design is defaulting to srcset: sources_1
Design is defaulting to constrset: constrs_1
INFO: [Device 21-403] Loading part xc7z010clg400-1
INFO: [Device 21-9227] Part: xc7z010clg400-1 does not have CEAM library.
Netlist sorting complete. Time (s): cpu = 00:00:00 ; elapsed = 00:00:00 . Memory (MB): peak = 1038.164 ; gain = 0.000
INFO: [Project 1-479] Netlist was created with Vivado 2024.1
INFO: [Project 1-570] Preparing netlist for logic optimization
Parsing XDC File [E:/robot/project/FPGA/Class/lab_1/lab1.xdc]
WARNING: [Vivado 12-584] No ports matched 'swt[0]'. [E:/robot/project/FPGA/Class/lab_1/lab1.xdc:5]
CRITICAL WARNING: [Common 17-55] 'set_property' expects at least one object. [E:/robot/project/FPGA/Class/lab_1/lab1.xdc:5]
Resolution: If [get_<value>] was used to populate the object, check to make sure this command returns at least one valid object.
WARNING: [Vivado 12-584] No ports matched 'swt[0]'. [E:/robot/project/FPGA/Class/lab_1/lab1.xdc:6]
CRITICAL WARNING: [Common 17-55] 'set_property' expects at least one object. [E:/robot/project/FPGA/Class/lab_1/lab1.xdc:6]
Resolution: If [get_<value>] was used to populate the object, check to make sure this command returns at least one valid object.
WARNING: [Vivado 12-584] No ports matched 'swt[1]'. [E:/robot/project/FPGA/Class/lab_1/lab1.xdc:7]
CRITICAL WARNING: [Common 17-55] 'set_property' expects at least one object. [E:/robot/project/FPGA/Class/lab_1/lab1.xdc:7]
Resolution: If [get_<value>] was used to populate the object, check to make sure this command returns at least one valid object.
WARNING: [Vivado 12-584] No ports matched 'swt[1]'. [E:/robot/project/FPGA/Class/lab_1/lab1.xdc:8]
CRITICAL WARNING: [Common 17-55] 'set_property' expects at least one object. [E:/robot/project/FPGA/Class/lab_1/lab1.xdc:8]
Resolution: If [get_<value>] was used to populate the object, check to make sure this command returns at least one valid object.
WARNING: [Vivado 12-584] No ports matched 'swt[2]'. [E:/robot/project/FPGA/Class/lab_1/lab1.xdc:9]
CRITICAL WARNING: [Common 17-55] 'set_property' expects at least one object. [E:/robot/project/FPGA/Class/lab_1/lab1.xdc:9]
Resolution: If [get_<value>] was used to populate the object, check to make sure this command returns at least one valid object.
WARNING: [Vivado 12-584] No ports matched 'swt[2]'. [E:/robot/project/FPGA/Class/lab_1/lab1.xdc:10]
CRITICAL WARNING: [Common 17-55] 'set_property' expects at least one object. [E:/robot/project/FPGA/Class/lab_1/lab1.xdc:10]
Resolution: If [get_<value>] was used to populate the object, check to make sure this command returns at least one valid object.
WARNING: [Vivado 12-584] No ports matched 'swt[3]'. [E:/robot/project/FPGA/Class/lab_1/lab1.xdc:11]
CRITICAL WARNING: [Common 17-55] 'set_property' expects at least one object. [E:/robot/project/FPGA/Class/lab_1/lab1.xdc:11]
Resolution: If [get_<value>] was used to populate the object, check to make sure this command returns at least one valid object.
WARNING: [Vivado 12-584] No ports matched 'swt[3]'. [E:/robot/project/FPGA/Class/lab_1/lab1.xdc:12]
CRITICAL WARNING: [Common 17-55] 'set_property' expects at least one object. [E:/robot/project/FPGA/Class/lab_1/lab1.xdc:12]
Resolution: If [get_<value>] was used to populate the object, check to make sure this command returns at least one valid object.
WARNING: [Vivado 12-584] No ports matched 'swt[4]'. [E:/robot/project/FPGA/Class/lab_1/lab1.xdc:13]
CRITICAL WARNING: [Common 17-55] 'set_property' expects at least one object. [E:/robot/project/FPGA/Class/lab_1/lab1.xdc:13]
Resolution: If [get_<value>] was used to populate the object, check to make sure this command returns at least one valid object.
WARNING: [Vivado 12-584] No ports matched 'swt[4]'. [E:/robot/project/FPGA/Class/lab_1/lab1.xdc:14]
CRITICAL WARNING: [Common 17-55] 'set_property' expects at least one object. [E:/robot/project/FPGA/Class/lab_1/lab1.xdc:14]
Resolution: If [get_<value>] was used to populate the object, check to make sure this command returns at least one valid object.
WARNING: [Vivado 12-584] No ports matched 'swt[5]'. [E:/robot/project/FPGA/Class/lab_1/lab1.xdc:15]
CRITICAL WARNING: [Common 17-55] 'set_property' expects at least one object. [E:/robot/project/FPGA/Class/lab_1/lab1.xdc:15]
Resolution: If [get_<value>] was used to populate the object, check to make sure this command returns at least one valid object.
WARNING: [Vivado 12-584] No ports matched 'swt[5]'. [E:/robot/project/FPGA/Class/lab_1/lab1.xdc:16]
CRITICAL WARNING: [Common 17-55] 'set_property' expects at least one object. [E:/robot/project/FPGA/Class/lab_1/lab1.xdc:16]
Resolution: If [get_<value>] was used to populate the object, check to make sure this command returns at least one valid object.
WARNING: [Vivado 12-584] No ports matched 'swt[6]'. [E:/robot/project/FPGA/Class/lab_1/lab1.xdc:17]
CRITICAL WARNING: [Common 17-55] 'set_property' expects at least one object. [E:/robot/project/FPGA/Class/lab_1/lab1.xdc:17]
Resolution: If [get_<value>] was used to populate the object, check to make sure this command returns at least one valid object.
WARNING: [Vivado 12-584] No ports matched 'swt[6]'. [E:/robot/project/FPGA/Class/lab_1/lab1.xdc:18]
CRITICAL WARNING: [Common 17-55] 'set_property' expects at least one object. [E:/robot/project/FPGA/Class/lab_1/lab1.xdc:18]
Resolution: If [get_<value>] was used to populate the object, check to make sure this command returns at least one valid object.
WARNING: [Vivado 12-584] No ports matched 'swt[7]'. [E:/robot/project/FPGA/Class/lab_1/lab1.xdc:19]
CRITICAL WARNING: [Common 17-55] 'set_property' expects at least one object. [E:/robot/project/FPGA/Class/lab_1/lab1.xdc:19]
Resolution: If [get_<value>] was used to populate the object, check to make sure this command returns at least one valid object.
WARNING: [Vivado 12-584] No ports matched 'swt[7]'. [E:/robot/project/FPGA/Class/lab_1/lab1.xdc:20]
CRITICAL WARNING: [Common 17-55] 'set_property' expects at least one object. [E:/robot/project/FPGA/Class/lab_1/lab1.xdc:20]
Resolution: If [get_<value>] was used to populate the object, check to make sure this command returns at least one valid object.
WARNING: [Vivado 12-584] No ports matched 'led[0]'. [E:/robot/project/FPGA/Class/lab_1/lab1.xdc:25]
CRITICAL WARNING: [Common 17-55] 'set_property' expects at least one object. [E:/robot/project/FPGA/Class/lab_1/lab1.xdc:25]
Resolution: If [get_<value>] was used to populate the object, check to make sure this command returns at least one valid object.
WARNING: [Vivado 12-584] No ports matched 'led[0]'. [E:/robot/project/FPGA/Class/lab_1/lab1.xdc:26]
CRITICAL WARNING: [Common 17-55] 'set_property' expects at least one object. [E:/robot/project/FPGA/Class/lab_1/lab1.xdc:26]
Resolution: If [get_<value>] was used to populate the object, check to make sure this command returns at least one valid object.
WARNING: [Vivado 12-584] No ports matched 'led[1]'. [E:/robot/project/FPGA/Class/lab_1/lab1.xdc:27]
CRITICAL WARNING: [Common 17-55] 'set_property' expects at least one object. [E:/robot/project/FPGA/Class/lab_1/lab1.xdc:27]
Resolution: If [get_<value>] was used to populate the object, check to make sure this command returns at least one valid object.
WARNING: [Vivado 12-584] No ports matched 'led[1]'. [E:/robot/project/FPGA/Class/lab_1/lab1.xdc:28]
CRITICAL WARNING: [Common 17-55] 'set_property' expects at least one object. [E:/robot/project/FPGA/Class/lab_1/lab1.xdc:28]
Resolution: If [get_<value>] was used to populate the object, check to make sure this command returns at least one valid object.
WARNING: [Vivado 12-584] No ports matched 'led[2]'. [E:/robot/project/FPGA/Class/lab_1/lab1.xdc:29]
CRITICAL WARNING: [Common 17-55] 'set_property' expects at least one object. [E:/robot/project/FPGA/Class/lab_1/lab1.xdc:29]
Resolution: If [get_<value>] was used to populate the object, check to make sure this command returns at least one valid object.
WARNING: [Vivado 12-584] No ports matched 'led[2]'. [E:/robot/project/FPGA/Class/lab_1/lab1.xdc:30]
CRITICAL WARNING: [Common 17-55] 'set_property' expects at least one object. [E:/robot/project/FPGA/Class/lab_1/lab1.xdc:30]
Resolution: If [get_<value>] was used to populate the object, check to make sure this command returns at least one valid object.
WARNING: [Vivado 12-584] No ports matched 'led[3]'. [E:/robot/project/FPGA/Class/lab_1/lab1.xdc:31]
CRITICAL WARNING: [Common 17-55] 'set_property' expects at least one object. [E:/robot/project/FPGA/Class/lab_1/lab1.xdc:31]
Resolution: If [get_<value>] was used to populate the object, check to make sure this command returns at least one valid object.
WARNING: [Vivado 12-584] No ports matched 'led[3]'. [E:/robot/project/FPGA/Class/lab_1/lab1.xdc:32]
CRITICAL WARNING: [Common 17-55] 'set_property' expects at least one object. [E:/robot/project/FPGA/Class/lab_1/lab1.xdc:32]
Resolution: If [get_<value>] was used to populate the object, check to make sure this command returns at least one valid object.
WARNING: [Vivado 12-584] No ports matched 'led[4]'. [E:/robot/project/FPGA/Class/lab_1/lab1.xdc:33]
CRITICAL WARNING: [Common 17-55] 'set_property' expects at least one object. [E:/robot/project/FPGA/Class/lab_1/lab1.xdc:33]
Resolution: If [get_<value>] was used to populate the object, check to make sure this command returns at least one valid object.
WARNING: [Vivado 12-584] No ports matched 'led[4]'. [E:/robot/project/FPGA/Class/lab_1/lab1.xdc:34]
CRITICAL WARNING: [Common 17-55] 'set_property' expects at least one object. [E:/robot/project/FPGA/Class/lab_1/lab1.xdc:34]
Resolution: If [get_<value>] was used to populate the object, check to make sure this command returns at least one valid object.
WARNING: [Vivado 12-584] No ports matched 'led[5]'. [E:/robot/project/FPGA/Class/lab_1/lab1.xdc:35]
CRITICAL WARNING: [Common 17-55] 'set_property' expects at least one object. [E:/robot/project/FPGA/Class/lab_1/lab1.xdc:35]
Resolution: If [get_<value>] was used to populate the object, check to make sure this command returns at least one valid object.
WARNING: [Vivado 12-584] No ports matched 'led[5]'. [E:/robot/project/FPGA/Class/lab_1/lab1.xdc:36]
CRITICAL WARNING: [Common 17-55] 'set_property' expects at least one object. [E:/robot/project/FPGA/Class/lab_1/lab1.xdc:36]
Resolution: If [get_<value>] was used to populate the object, check to make sure this command returns at least one valid object.
WARNING: [Vivado 12-584] No ports matched 'led[6]'. [E:/robot/project/FPGA/Class/lab_1/lab1.xdc:37]
CRITICAL WARNING: [Common 17-55] 'set_property' expects at least one object. [E:/robot/project/FPGA/Class/lab_1/lab1.xdc:37]
Resolution: If [get_<value>] was used to populate the object, check to make sure this command returns at least one valid object.
WARNING: [Vivado 12-584] No ports matched 'led[6]'. [E:/robot/project/FPGA/Class/lab_1/lab1.xdc:38]
CRITICAL WARNING: [Common 17-55] 'set_property' expects at least one object. [E:/robot/project/FPGA/Class/lab_1/lab1.xdc:38]
Resolution: If [get_<value>] was used to populate the object, check to make sure this command returns at least one valid object.
WARNING: [Vivado 12-584] No ports matched 'led[7]'. [E:/robot/project/FPGA/Class/lab_1/lab1.xdc:39]
CRITICAL WARNING: [Common 17-55] 'set_property' expects at least one object. [E:/robot/project/FPGA/Class/lab_1/lab1.xdc:39]
Resolution: If [get_<value>] was used to populate the object, check to make sure this command returns at least one valid object.
WARNING: [Vivado 12-584] No ports matched 'led[7]'. [E:/robot/project/FPGA/Class/lab_1/lab1.xdc:40]
CRITICAL WARNING: [Common 17-55] 'set_property' expects at least one object. [E:/robot/project/FPGA/Class/lab_1/lab1.xdc:40]
Resolution: If [get_<value>] was used to populate the object, check to make sure this command returns at least one valid object.
Finished Parsing XDC File [E:/robot/project/FPGA/Class/lab_1/lab1.xdc]
INFO: [Opt 31-138] Pushed 0 inverter(s) to 0 load pin(s).
Netlist sorting complete. Time (s): cpu = 00:00:00 ; elapsed = 00:00:00 . Memory (MB): peak = 1172.773 ; gain = 0.000
INFO: [Project 1-111] Unisim Transformation Summary:
No Unisim elements were transformed.

6 Infos, 32 Warnings, 32 Critical Warnings and 0 Errors encountered.
link_design completed successfully
link_design: Time (s): cpu = 00:00:04 ; elapsed = 00:00:05 . Memory (MB): peak = 1172.773 ; gain = 544.664
Command: opt_design
Attempting to get a license for feature 'Implementation' and/or device 'xc7z010'
INFO: [Common 17-349] Got license for feature 'Implementation' and/or device 'xc7z010'
Running DRC as a precondition to command opt_design

Starting DRC Task
INFO: [DRC 23-27] Running DRC with 2 threads
INFO: [Project 1-461] DRC finished with 0 Errors
INFO: [Project 1-462] Please refer to the DRC report (report_drc) for more information.

Time (s): cpu = 00:00:01 ; elapsed = 00:00:00.646 . Memory (MB): peak = 1176.820 ; gain = 4.047

Starting Cache Timing Information Task
INFO: [Timing 38-35] Done setting XDC timing constraints.
Ending Cache Timing Information Task | Checksum: fbdb2963

Time (s): cpu = 00:00:04 ; elapsed = 00:00:05 . Memory (MB): peak = 1643.879 ; gain = 467.059

Starting Logic Optimization Task

Phase 1 Initialization

Phase 1.1 Core Generation And Design Setup
Phase 1.1 Core Generation And Design Setup | Checksum: fbdb2963

Time (s): cpu = 00:00:00 ; elapsed = 00:00:00.001 . Memory (MB): peak = 2019.277 ; gain = 0.000

Phase 1.2 Setup Constraints And Sort Netlist
Phase 1.2 Setup Constraints And Sort Netlist | Checksum: fbdb2963

Time (s): cpu = 00:00:00 ; elapsed = 00:00:00.001 . Memory (MB): peak = 2019.277 ; gain = 0.000
Phase 1 Initialization | Checksum: fbdb2963

Time (s): cpu = 00:00:00 ; elapsed = 00:00:00.002 . Memory (MB): peak = 2019.277 ; gain = 0.000

Phase 2 Timer Update And Timing Data Collection

Phase 2.1 Timer Update
Phase 2.1 Timer Update | Checksum: fbdb2963

Time (s): cpu = 00:00:00 ; elapsed = 00:00:00.004 . Memory (MB): peak = 2019.277 ; gain = 0.000

Phase 2.2 Timing Data Collection
Phase 2.2 Timing Data Collection | Checksum: fbdb2963

Time (s): cpu = 00:00:00 ; elapsed = 00:00:00.014 . Memory (MB): peak = 2019.277 ; gain = 0.000
Phase 2 Timer Update And Timing Data Collection | Checksum: fbdb2963

Time (s): cpu = 00:00:00 ; elapsed = 00:00:00.014 . Memory (MB): peak = 2019.277 ; gain = 0.000

Phase 3 Retarget
INFO: [Opt 31-1834] Total Chains To Be Transformed Were: 0 AND Number of Transformed insts Created are: 0
INFO: [Opt 31-138] Pushed 0 inverter(s) to 0 load pin(s).
INFO: [Opt 31-49] Retargeted 0 cell(s).
Phase 3 Retarget | Checksum: fbdb2963

Time (s): cpu = 00:00:00 ; elapsed = 00:00:00.022 . Memory (MB): peak = 2019.277 ; gain = 0.000
Retarget | Checksum: fbdb2963
INFO: [Opt 31-389] Phase Retarget created 0 cells and removed 0 cells

Phase 4 Constant propagation
INFO: [Opt 31-138] Pushed 0 inverter(s) to 0 load pin(s).
Phase 4 Constant propagation | Checksum: fbdb2963

Time (s): cpu = 00:00:00 ; elapsed = 00:00:00.024 . Memory (MB): peak = 2019.277 ; gain = 0.000
Constant propagation | Checksum: fbdb2963
INFO: [Opt 31-389] Phase Constant propagation created 0 cells and removed 0 cells

Phase 5 Sweep
Phase 5 Sweep | Checksum: fbdb2963

Time (s): cpu = 00:00:00 ; elapsed = 00:00:00.026 . Memory (MB): peak = 2019.277 ; gain = 0.000
Sweep | Checksum: fbdb2963
INFO: [Opt 31-389] Phase Sweep created 0 cells and removed 0 cells

Phase 6 BUFG optimization
Phase 6 BUFG optimization | Checksum: fbdb2963

Time (s): cpu = 00:00:00 ; elapsed = 00:00:00.061 . Memory (MB): peak = 2019.277 ; gain = 0.000
BUFG optimization | Checksum: fbdb2963
INFO: [Opt 31-662] Phase BUFG optimization created 0 cells of which 0 are BUFGs and removed 0 cells.

Phase 7 Shift Register Optimization
INFO: [Opt 31-1064] SRL Remap converted 0 SRLs to 0 registers and converted 0 registers of register chains to 0 SRLs
Phase 7 Shift Register Optimization | Checksum: fbdb2963

Time (s): cpu = 00:00:00 ; elapsed = 00:00:00.062 . Memory (MB): peak = 2019.277 ; gain = 0.000
Shift Register Optimization | Checksum: fbdb2963
INFO: [Opt 31-389] Phase Shift Register Optimization created 0 cells and removed 0 cells

Phase 8 Post Processing Netlist
Phase 8 Post Processing Netlist | Checksum: fbdb2963

Time (s): cpu = 00:00:00 ; elapsed = 00:00:00.063 . Memory (MB): peak = 2019.277 ; gain = 0.000
Post Processing Netlist | Checksum: fbdb2963
INFO: [Opt 31-389] Phase Post Processing Netlist created 0 cells and removed 0 cells

Phase 9 Finalization

Phase 9.1 Finalizing Design Cores and Updating Shapes
Phase 9.1 Finalizing Design Cores and Updating Shapes | Checksum: fbdb2963

Time (s): cpu = 00:00:00 ; elapsed = 00:00:00.064 . Memory (MB): peak = 2019.277 ; gain = 0.000

Phase 9.2 Verifying Netlist Connectivity

Starting Connectivity Check Task

Time (s): cpu = 00:00:00 ; elapsed = 00:00:00.001 . Memory (MB): peak = 2019.277 ; gain = 0.000
Phase 9.2 Verifying Netlist Connectivity | Checksum: fbdb2963

Time (s): cpu = 00:00:00 ; elapsed = 00:00:00.065 . Memory (MB): peak = 2019.277 ; gain = 0.000
Phase 9 Finalization | Checksum: fbdb2963

Time (s): cpu = 00:00:00 ; elapsed = 00:00:00.065 . Memory (MB): peak = 2019.277 ; gain = 0.000
Opt_design Change Summary
=========================


-------------------------------------------------------------------------------------------------------------------------
|  Phase                        |  #Cells created  |  #Cells Removed  |  #Constrained objects preventing optimizations  |
-------------------------------------------------------------------------------------------------------------------------
|  Retarget                     |               0  |               0  |                                              0  |
|  Constant propagation         |               0  |               0  |                                              0  |
|  Sweep                        |               0  |               0  |                                              0  |
|  BUFG optimization            |               0  |               0  |                                              0  |
|  Shift Register Optimization  |               0  |               0  |                                              0  |
|  Post Processing Netlist      |               0  |               0  |                                              0  |
-------------------------------------------------------------------------------------------------------------------------


Ending Logic Optimization Task | Checksum: fbdb2963

Time (s): cpu = 00:00:00 ; elapsed = 00:00:00.066 . Memory (MB): peak = 2019.277 ; gain = 0.000

Starting Power Optimization Task
INFO: [Pwropt 34-132] Skipping clock gating for clocks with a period < 2.00 ns.
Ending Power Optimization Task | Checksum: fbdb2963

Time (s): cpu = 00:00:00 ; elapsed = 00:00:00.018 . Memory (MB): peak = 2019.277 ; gain = 0.000

Starting Final Cleanup Task
Ending Final Cleanup Task | Checksum: fbdb2963

Time (s): cpu = 00:00:00 ; elapsed = 00:00:00 . Memory (MB): peak = 2019.277 ; gain = 0.000

Starting Netlist Obfuscation Task
Netlist sorting complete. Time (s): cpu = 00:00:00 ; elapsed = 00:00:00 . Memory (MB): peak = 2019.277 ; gain = 0.000
Ending Netlist Obfuscation Task | Checksum: fbdb2963

Time (s): cpu = 00:00:00 ; elapsed = 00:00:00 . Memory (MB): peak = 2019.277 ; gain = 0.000
INFO: [Common 17-83] Releasing license: Implementation
24 Infos, 32 Warnings, 32 Critical Warnings and 0 Errors encountered.
opt_design completed successfully
opt_design: Time (s): cpu = 00:00:07 ; elapsed = 00:00:09 . Memory (MB): peak = 2019.277 ; gain = 846.504
INFO: [Vivado 12-24828] Executing command : report_drc -file lab1_tb_drc_opted.rpt -pb lab1_tb_drc_opted.pb -rpx lab1_tb_drc_opted.rpx
Command: report_drc -file lab1_tb_drc_opted.rpt -pb lab1_tb_drc_opted.pb -rpx lab1_tb_drc_opted.rpx
INFO: [IP_Flow 19-234] Refreshing IP repositories
INFO: [IP_Flow 19-1704] No user IP repositories specified
INFO: [IP_Flow 19-2313] Loaded Vivado IP repository 'E:/vivado/Vivado/2024.1/data/ip'.
INFO: [DRC 23-27] Running DRC with 2 threads
INFO: [Vivado_Tcl 2-168] The results of DRC are in file E:/robot/project/FPGA/Class/lab_1/lab_1.runs/impl_1/lab1_tb_drc_opted.rpt.
report_drc completed successfully
INFO: [Timing 38-480] Writing timing data to binary archive.
INFO: [Common 17-1381] The checkpoint 'E:/robot/project/FPGA/Class/lab_1/lab_1.runs/impl_1/lab1_tb_opt.dcp' has been generated.
Command: place_design
Attempting to get a license for feature 'Implementation' and/or device 'xc7z010'
INFO: [Common 17-349] Got license for feature 'Implementation' and/or device 'xc7z010'
INFO: [Common 17-83] Releasing license: Implementation
INFO: [DRC 23-27] Running DRC with 2 threads
INFO: [Vivado_Tcl 4-198] DRC finished with 0 Errors
INFO: [Vivado_Tcl 4-199] Please refer to the DRC report (report_drc) for more information.
Running DRC as a precondition to command place_design
INFO: [DRC 23-27] Running DRC with 2 threads
INFO: [Vivado_Tcl 4-198] DRC finished with 0 Errors
INFO: [Vivado_Tcl 4-199] Please refer to the DRC report (report_drc) for more information.
INFO: [Place 30-611] Multithreading enabled for place_design using a maximum of 2 CPUs

Starting Placer Task

Phase 1 Placer Initialization

Phase 1.1 Placer Initialization Netlist Sorting
Netlist sorting complete. Time (s): cpu = 00:00:00 ; elapsed = 00:00:00 . Memory (MB): peak = 2026.652 ; gain = 0.000
Phase 1.1 Placer Initialization Netlist Sorting | Checksum: 6998572b

Time (s): cpu = 00:00:00 ; elapsed = 00:00:00.009 . Memory (MB): peak = 2026.652 ; gain = 0.000
Phase 1 Placer Initialization | Checksum: 6998572b

Time (s): cpu = 00:00:00 ; elapsed = 00:00:00.016 . Memory (MB): peak = 2026.652 ; gain = 0.000
ERROR: [Place 30-494] The design is empty
Resolution: Check if opt_design has removed all the leaf cells of your design.  Check whether you have instantiated and connected all of the top level ports.
Ending Placer Task | Checksum: 6998572b

Time (s): cpu = 00:00:00 ; elapsed = 00:00:00.017 . Memory (MB): peak = 2026.652 ; gain = 0.000
41 Infos, 32 Warnings, 32 Critical Warnings and 2 Errors encountered.
place_design failed
ERROR: [Common 17-69] Command failed: Placer could not place all instances
INFO: [Common 17-206] Exiting Vivado at Thu Sep 26 19:44:56 2024...
