

Implementation tool: Xilinx Vivado v.2024.1
Project:             matrixmul
Solution:            hls
Device target:       xc7z020-clg484-1
Report date:         Thu Oct 17 18:23:16 +0800 2024

#=== Post-Implementation Resource usage ===
SLICE:           13
LUT:             42
FF:              38
DSP:              3
BRAM:             0
URAM:             0
LATCH:            0
SRL:              0
CLB:              0

#=== Final timing ===
CP required:                     10.000
CP achieved post-synthesis:      3.884
CP achieved post-implementation: 4.085
Timing met
